<?xml version="1.0" encoding="UTF-8"?>
<robot generator="Robot 3.2.2 (Python 3.9.0 on win32)" generated="20201016 11:10:46.052" rpa="false">
<suite id="s1" name="Test" source="C:\Users\USER\Desktop\robot\test.robot">
<test id="s1-t1" name="Search case">
<kw name="open">
<kw name="Open Browser" library="Selenium2Library">
<doc>Opens a new browser instance to the optional ``url``.</doc>
<arguments>
<arg>${url}</arg>
<arg>${browser}</arg>
</arguments>
<msg timestamp="20201016 11:10:46.434" level="INFO">Opening browser 'firefox' to base url 'https://google.com/'.</msg>
<msg timestamp="20201016 11:10:46.468" level="INFO">Firefox driver log is always forced to to: C:\Users\USER\Desktop\robot\geckodriver-1.log</msg>
<status status="PASS" starttime="20201016 11:10:46.433" endtime="20201016 11:10:54.751"></status>
</kw>
<status status="PASS" starttime="20201016 11:10:46.433" endtime="20201016 11:10:54.752"></status>
</kw>
<kw name="input">
<kw name="Input Text" library="Selenium2Library">
<doc>Types the given ``text`` into the text field identified by ``locator``.</doc>
<arguments>
<arg>name=q</arg>
<arg>${expected_result}</arg>
</arguments>
<msg timestamp="20201016 11:10:54.755" level="INFO">Typing text 'top 10 spotify song' into text field 'name=q'.</msg>
<status status="PASS" starttime="20201016 11:10:54.754" endtime="20201016 11:10:54.980"></status>
</kw>
<kw name="Submit Form" library="Selenium2Library">
<doc>Submits a form identified by ``locator``.</doc>
<msg timestamp="20201016 11:10:54.981" level="INFO">Submitting form 'None'.</msg>
<status status="PASS" starttime="20201016 11:10:54.980" endtime="20201016 11:10:55.021"></status>
</kw>
<status status="PASS" starttime="20201016 11:10:54.753" endtime="20201016 11:10:55.022"></status>
</kw>
<kw name="wait">
<kw name="Wait Until Page Contains" library="Selenium2Library">
<doc>Waits until ``text`` appears on the current page.</doc>
<arguments>
<arg>${expected_result}</arg>
</arguments>
<status status="PASS" starttime="20201016 11:10:55.023" endtime="20201016 11:10:55.247"></status>
</kw>
<status status="PASS" starttime="20201016 11:10:55.022" endtime="20201016 11:10:55.247"></status>
</kw>
<status status="PASS" starttime="20201016 11:10:46.432" endtime="20201016 11:10:55.248" critical="yes"></status>
</test>
<status status="PASS" starttime="20201016 11:10:46.054" endtime="20201016 11:10:55.259"></status>
</suite>
<statistics>
<total>
<stat pass="1" fail="0">Critical Tests</stat>
<stat pass="1" fail="0">All Tests</stat>
</total>
<tag>
</tag>
<suite>
<stat pass="1" fail="0" id="s1" name="Test">Test</stat>
</suite>
</statistics>
<errors>
</errors>
</robot>
