<?xml version="1.0" encoding="UTF-8"?>
<robot generator="Robot 3.2.2 (Python 3.9.0 on win32)" generated="20201021 15:24:07.558" rpa="false">
<suite id="s1" name="Test" source="C:\Users\USER\Desktop\robot\test.robot">
<test id="s1-t1" name="Search case">
<kw name="open">
<kw name="Open Browser" library="Selenium2Library">
<doc>Opens a new browser instance to the optional ``url``.</doc>
<arguments>
<arg>${url}</arg>
<arg>${browser}</arg>
</arguments>
<msg timestamp="20201021 15:24:07.758" level="INFO">Opening browser 'chrome' to base url 'https://google.com/'.</msg>
<status status="PASS" starttime="20201021 15:24:07.757" endtime="20201021 15:24:11.827"></status>
</kw>
<status status="PASS" starttime="20201021 15:24:07.757" endtime="20201021 15:24:11.827"></status>
</kw>
<kw name="input">
<kw name="Input Text" library="Selenium2Library">
<doc>Types the given ``text`` into the text field identified by ``locator``.</doc>
<arguments>
<arg>name=q</arg>
<arg>${expected_result}</arg>
</arguments>
<msg timestamp="20201021 15:24:11.829" level="INFO">Typing text 'top 10 spotify song' into text field 'name=q'.</msg>
<status status="PASS" starttime="20201021 15:24:11.829" endtime="20201021 15:24:11.958"></status>
</kw>
<kw name="Submit Form" library="Selenium2Library">
<doc>Submits a form identified by ``locator``.</doc>
<msg timestamp="20201021 15:24:11.958" level="INFO">Submitting form 'None'.</msg>
<status status="PASS" starttime="20201021 15:24:11.958" endtime="20201021 15:24:14.514"></status>
</kw>
<status status="PASS" starttime="20201021 15:24:11.828" endtime="20201021 15:24:14.514"></status>
</kw>
<kw name="wait">
<kw name="Wait Until Page Contains" library="Selenium2Library">
<doc>Waits until ``text`` appears on the current page.</doc>
<arguments>
<arg>${expected_result}</arg>
</arguments>
<status status="PASS" starttime="20201021 15:24:14.515" endtime="20201021 15:24:14.535"></status>
</kw>
<status status="PASS" starttime="20201021 15:24:14.515" endtime="20201021 15:24:14.536"></status>
</kw>
<kw name="click">
<kw name="Click Element" library="Selenium2Library">
<doc>Click the element identified by ``locator``.</doc>
<arguments>
<arg>//h3[@class="LC20lb DKV0Md"]</arg>
</arguments>
<msg timestamp="20201021 15:24:14.539" level="INFO">Clicking element '//h3[@class="LC20lb DKV0Md"]'.</msg>
<status status="PASS" starttime="20201021 15:24:14.538" endtime="20201021 15:24:16.893"></status>
</kw>
<status status="PASS" starttime="20201021 15:24:14.538" endtime="20201021 15:24:16.893"></status>
</kw>
<status status="PASS" starttime="20201021 15:24:07.756" endtime="20201021 15:24:16.894" critical="yes"></status>
</test>
<status status="PASS" starttime="20201021 15:24:07.559" endtime="20201021 15:24:16.902"></status>
</suite>
<statistics>
<total>
<stat pass="1" fail="0">Critical Tests</stat>
<stat pass="1" fail="0">All Tests</stat>
</total>
<tag>
</tag>
<suite>
<stat pass="1" fail="0" id="s1" name="Test">Test</stat>
</suite>
</statistics>
<errors>
</errors>
</robot>
